<?xml version="1.0" encoding="UTF-8"?>
<testng-results ignored="0" total="2" passed="2" failed="0" skipped="0">
  <reporter-output>
  </reporter-output>
  <suite started-at="2025-09-17T18:52:19 IST" name="Suite" finished-at="2025-09-17T18:52:42 IST" duration-ms="22641">
    <groups>
    </groups>
    <test started-at="2025-09-17T18:52:19 IST" name="Test" finished-at="2025-09-17T18:52:42 IST" duration-ms="22641">
      <class name="webauto.publicclass">
        <test-method signature="validatePublicclass()[pri:0, instance:webauto.publicclass@6ac13091]" started-at="2025-09-17T18:52:27 IST" name="validatePublicclass" finished-at="2025-09-17T18:52:42 IST" duration-ms="14437" status="PASS">
          <reporter-output>
          </reporter-output>
        </test-method> <!-- validatePublicclass -->
      </class> <!-- webauto.publicclass -->
      <class name="webauto.privateclass">
        <test-method signature="validatePrivateclass()[pri:0, instance:webauto.privateclass@51e5fc98]" started-at="2025-09-17T18:52:19 IST" name="validatePrivateclass" finished-at="2025-09-17T18:52:27 IST" duration-ms="8104" status="PASS">
          <reporter-output>
          </reporter-output>
        </test-method> <!-- validatePrivateclass -->
      </class> <!-- webauto.privateclass -->
    </test> <!-- Test -->
  </suite> <!-- Suite -->
</testng-results>
