<?xml version="1.0" encoding="UTF-8"?>
<testng-results ignored="0" total="2" passed="2" failed="0" skipped="0">
  <reporter-output>
  </reporter-output>
  <suite started-at="2025-09-17T18:22:41 IST" name="Suite" finished-at="2025-09-17T18:23:00 IST" duration-ms="19070">
    <groups>
    </groups>
    <test started-at="2025-09-17T18:22:41 IST" name="Test" finished-at="2025-09-17T18:23:00 IST" duration-ms="19070">
      <class name="webauto.publicclass">
        <test-method signature="validatePublicclass()[pri:0, instance:webauto.publicclass@4d5d943d]" started-at="2025-09-17T18:22:48 IST" name="validatePublicclass" finished-at="2025-09-17T18:23:00 IST" duration-ms="12082" status="PASS">
          <reporter-output>
          </reporter-output>
        </test-method> <!-- validatePublicclass -->
      </class> <!-- webauto.publicclass -->
      <class name="webauto.privateclass">
        <test-method signature="validatePrivateclass()[pri:0, instance:webauto.privateclass@34a3d150]" started-at="2025-09-17T18:22:41 IST" name="validatePrivateclass" finished-at="2025-09-17T18:22:48 IST" duration-ms="6865" status="PASS">
          <reporter-output>
          </reporter-output>
        </test-method> <!-- validatePrivateclass -->
      </class> <!-- webauto.privateclass -->
    </test> <!-- Test -->
  </suite> <!-- Suite -->
</testng-results>
